{
  "stats": {
    "suites": 1,
    "tests": 2,
    "passes": 2,
    "pending": 0,
    "failures": 0,
    "start": "2022-06-06T01:15:33.507Z",
    "end": "2022-06-06T01:16:48.686Z",
    "duration": 75179,
    "testsRegistered": 2,
    "passPercent": 100,
    "pendingPercent": 0,
    "other": 0,
    "hasOther": false,
    "skipped": 0,
    "hasSkipped": false
  },
  "results": [
    {
      "uuid": "6e5dde8f-9b5d-4e16-ba0f-5a4de6f1cd5d",
      "title": "",
      "fullFile": "cypress/integration/forgetpassword/cases.spec.js",
      "file": "cypress/integration/forgetpassword/cases.spec.js",
      "beforeHooks": [],
      "afterHooks": [],
      "tests": [],
      "suites": [
        {
          "uuid": "e63d6c46-ba5c-4fae-b7df-d5ddae55d95c",
          "title": "forgetpassword",
          "fullFile": "",
          "file": "",
          "beforeHooks": [],
          "afterHooks": [],
          "tests": [
            {
              "title": " case1",
              "fullTitle": "forgetpassword  case1",
              "timedOut": null,
              "duration": 32014,
              "state": "passed",
              "speed": "slow",
              "pass": true,
              "fail": false,
              "pending": false,
              "context": null,
              "code": "const fileName = 'original.jpeg';\ncy.log('forget-password scenario');\ncy.visit('https://staging.mazaady.com/', {\n  headers: {\n    \"Accept-Encoding\": \"gzip, deflate, br\"\n  }\n});\n/* ==== Generated with Cypress Studio ==== */\ncy.get('.flex-row > .user-actions').click();\ncy.get('.flex-row > .user-actions > .dropdown-menu > .categories-sections > .nav-item > [href=\"https://staging.mazaady.com/login\"]').click();\ncy.get('#email').clear();\ncy.get('#email').type('andre@gmail.com');\n/* ==== End Cypress Studio ==== */\n/* ==== Generated with Cypress Studio ==== */\ncy.get('.text-right > .btn').click();\ncy.get('#email').clear();\ncy.get('#email').type('andre@gmail.com');\ncy.get('.col-10 > .btn').click({\n  force: true\n});\n/* ==== End Cypress Studio ==== */",
              "err": {},
              "uuid": "3a889029-c70f-4ca4-b267-e2cf21b0904f",
              "parentUUID": "e63d6c46-ba5c-4fae-b7df-d5ddae55d95c",
              "isHook": false,
              "skipped": false
            },
            {
              "title": " case2",
              "fullTitle": "forgetpassword  case2",
              "timedOut": null,
              "duration": 33172,
              "state": "passed",
              "speed": "slow",
              "pass": true,
              "fail": false,
              "pending": false,
              "context": null,
              "code": "cy.log('verifyemail');\ncy.visit('https://mailtrap.io/inboxes/1558797/messages/2510791390');\n/* ==== Generated with Cypress Studio ==== */\ncy.get('#user_email').clear({\n  force: true\n});\ncy.get('#user_email').type('Info@mazaady.com', {\n  force: true\n});\ncy.get('.login_next_button').click({\n  force: true\n});\ncy.wait(7000);\ncy.get('#user_password').clear({\n  force: true\n});\ncy.get('#user_password').type('P@m_7aza@dy$', {\n  force: true\n});\ncy.get('.login_password > :nth-child(3) > .button').click({\n  force: true\n});\ncy.wait(7000);\n/* ==== End Cypress Studio ==== */\n/* ==== Generated with Cypress Studio ==== */\n/* ==== End Cypress Studio ==== */\ncy.get('.settings_inbox_link > .i4w4pc3').click();\ncy.wait(7000);\ncy.get(':nth-child(1) > .i18m0o91').click();\n/* ==== End Cypress Studio ==== */",
              "err": {},
              "uuid": "700b9018-1455-42bb-8f3f-87244fb93ffa",
              "parentUUID": "e63d6c46-ba5c-4fae-b7df-d5ddae55d95c",
              "isHook": false,
              "skipped": false
            }
          ],
          "suites": [],
          "passes": [
            "3a889029-c70f-4ca4-b267-e2cf21b0904f",
            "700b9018-1455-42bb-8f3f-87244fb93ffa"
          ],
          "failures": [],
          "pending": [],
          "skipped": [],
          "duration": 65186,
          "root": false,
          "rootEmpty": false,
          "_timeout": 2000
        }
      ],
      "passes": [],
      "failures": [],
      "pending": [],
      "skipped": [],
      "duration": 0,
      "root": true,
      "rootEmpty": true,
      "_timeout": 2000
    }
  ],
  "meta": {
    "mocha": {
      "version": "7.0.1"
    },
    "mochawesome": {
      "options": {
        "quiet": false,
        "reportFilename": "mochawesome",
        "saveHtml": true,
        "saveJson": true,
        "consoleReporter": "spec",
        "useInlineDiffs": false,
        "code": true
      },
      "version": "6.3.1"
    },
    "marge": {
      "options": {
        "id": "default",
        "reportDir": "cypress/reports/mocha",
        "quite": true,
        "overwrite": false,
        "html": true,
        "json": true
      },
      "version": "5.2.0"
    }
  }
}