{
  "stats": {
    "suites": 1,
    "tests": 4,
    "passes": 4,
    "pending": 0,
    "failures": 0,
    "start": "2022-06-05T14:15:17.484Z",
    "end": "2022-06-05T14:16:30.459Z",
    "duration": 72975,
    "testsRegistered": 4,
    "passPercent": 100,
    "pendingPercent": 0,
    "other": 0,
    "hasOther": false,
    "skipped": 0,
    "hasSkipped": false
  },
  "results": [
    {
      "uuid": "862749c8-4b76-489c-a381-7a1edd007323",
      "title": "",
      "fullFile": "cypress/integration/login/cases.spec.js",
      "file": "cypress/integration/login/cases.spec.js",
      "beforeHooks": [],
      "afterHooks": [],
      "tests": [],
      "suites": [
        {
          "uuid": "ea00d72b-476c-47cf-93a4-8eec8e799469",
          "title": "login",
          "fullFile": "",
          "file": "",
          "beforeHooks": [],
          "afterHooks": [],
          "tests": [
            {
              "title": " case1",
              "fullTitle": "login  case1",
              "timedOut": null,
              "duration": 27090,
              "state": "passed",
              "speed": "slow",
              "pass": true,
              "fail": false,
              "pending": false,
              "context": null,
              "code": "const fileName = 'original.jpeg';\ncy.log('login with valid credentials as seller&buyer');\ncy.visit('https://staging.mazaady.com/', {\n  headers: {\n    \"Accept-Encoding\": \"gzip, deflate, br\"\n  }\n});\n/* ==== Generated with Cypress Studio ==== */\ncy.get('.flex-row > .user-actions').click();\ncy.get('.flex-row > .user-actions > .dropdown-menu > .categories-sections > .nav-item > [href=\"https://staging.mazaady.com/login\"]').click();\ncy.get('#email').clear();\ncy.get('#email').type('andre@gmail.com');\ncy.get('#password').clear();\ncy.get('#password').type('123456');\ncy.get('label > input').check();\ncy.get('.w-75 > .btn').click();\ncy.get('.flex-row > .user-actions').click();\ncy.get('.flex-row > .user-actions > .dropdown-menu > .categories-sections > :nth-child(1) > a').click();\n/* ==== End Cypress Studio ==== */",
              "err": {},
              "uuid": "e85e131d-44b5-4a39-896a-34755dda0a9c",
              "parentUUID": "ea00d72b-476c-47cf-93a4-8eec8e799469",
              "isHook": false,
              "skipped": false
            },
            {
              "title": " case2",
              "fullTitle": "login  case2",
              "timedOut": null,
              "duration": 11026,
              "state": "passed",
              "speed": "slow",
              "pass": true,
              "fail": false,
              "pending": false,
              "context": null,
              "code": "const fileName = 'original.jpeg';\ncy.log('login with valid credentials as buyer');\ncy.visit('https://staging.mazaady.com/', {\n  headers: {\n    \"Accept-Encoding\": \"gzip, deflate, br\"\n  }\n});\n/* ==== Generated with Cypress Studio ==== */\ncy.get('.flex-row > .user-actions').click();\ncy.get('.flex-row > .user-actions > .dropdown-menu > .categories-sections > .nav-item > [href=\"https://staging.mazaady.com/login\"]').click();\ncy.get('#email').clear();\ncy.get('#email').type('zzzzzzxwawawa@gmail.com');\ncy.get('#password').clear();\ncy.get('#password').type('123456');\ncy.get('label > input').check();\ncy.get('.w-75 > .btn').click();\ncy.get('.flex-row > .user-actions').click();\ncy.get('.flex-row > .user-actions > .dropdown-menu > .categories-sections > :nth-child(1) > a').click();\n/* ==== End Cypress Studio ==== */",
              "err": {},
              "uuid": "04c03dee-3498-4c22-abbf-95b9c991a2ab",
              "parentUUID": "ea00d72b-476c-47cf-93a4-8eec8e799469",
              "isHook": false,
              "skipped": false
            },
            {
              "title": " case3",
              "fullTitle": "login  case3",
              "timedOut": null,
              "duration": 14786,
              "state": "passed",
              "speed": "slow",
              "pass": true,
              "fail": false,
              "pending": false,
              "context": null,
              "code": "const fileName = 'original.jpeg';\ncy.log('login with invalid  password credentials ');\ncy.visit('https://staging.mazaady.com/', {\n  headers: {\n    \"Accept-Encoding\": \"gzip, deflate, br\"\n  }\n});\n/* ==== Generated with Cypress Studio ==== */\ncy.get('.flex-row > .user-actions').click();\ncy.get('.flex-row > .user-actions > .dropdown-menu > .categories-sections > .nav-item > [href=\"https://staging.mazaady.com/login\"]').click();\ncy.get('#email').clear();\ncy.get('#email').type('zzzzzzxwawawa@gmail.com');\ncy.get('#password').clear();\ncy.get('#password').type('12345688');\ncy.get('label > input').check();\ncy.get('.w-75 > .btn').click();\ncy.wait(8000);\n/* ==== End Cypress Studio ==== */",
              "err": {},
              "uuid": "4687c7f4-e65f-4b76-af03-88b7620de591",
              "parentUUID": "ea00d72b-476c-47cf-93a4-8eec8e799469",
              "isHook": false,
              "skipped": false
            },
            {
              "title": " case4",
              "fullTitle": "login  case4",
              "timedOut": null,
              "duration": 14852,
              "state": "passed",
              "speed": "slow",
              "pass": true,
              "fail": false,
              "pending": false,
              "context": null,
              "code": "const fileName = 'original.jpeg';\ncy.log('login with invalid  email credentials ');\ncy.visit('https://staging.mazaady.com/', {\n  headers: {\n    \"Accept-Encoding\": \"gzip, deflate, br\"\n  }\n});\n/* ==== Generated with Cypress Studio ==== */\ncy.get('.flex-row > .user-actions').click();\ncy.get('.flex-row > .user-actions > .dropdown-menu > .categories-sections > .nav-item > [href=\"https://staging.mazaady.com/login\"]').click();\ncy.get('#email').clear();\ncy.get('#email').type('zzzzzzwxwawawa@gmail.com');\ncy.get('#password').clear();\ncy.get('#password').type('123456');\ncy.get('label > input').check();\ncy.get('.w-75 > .btn').click();\ncy.wait(8000);\n/* ==== End Cypress Studio ==== */",
              "err": {},
              "uuid": "066fbaf2-0ead-4435-aca9-5ccd677733a1",
              "parentUUID": "ea00d72b-476c-47cf-93a4-8eec8e799469",
              "isHook": false,
              "skipped": false
            }
          ],
          "suites": [],
          "passes": [
            "e85e131d-44b5-4a39-896a-34755dda0a9c",
            "04c03dee-3498-4c22-abbf-95b9c991a2ab",
            "4687c7f4-e65f-4b76-af03-88b7620de591",
            "066fbaf2-0ead-4435-aca9-5ccd677733a1"
          ],
          "failures": [],
          "pending": [],
          "skipped": [],
          "duration": 67754,
          "root": false,
          "rootEmpty": false,
          "_timeout": 2000
        }
      ],
      "passes": [],
      "failures": [],
      "pending": [],
      "skipped": [],
      "duration": 0,
      "root": true,
      "rootEmpty": true,
      "_timeout": 2000
    }
  ],
  "meta": {
    "mocha": {
      "version": "7.0.1"
    },
    "mochawesome": {
      "options": {
        "quiet": false,
        "reportFilename": "mochawesome",
        "saveHtml": true,
        "saveJson": true,
        "consoleReporter": "spec",
        "useInlineDiffs": false,
        "code": true
      },
      "version": "6.3.1"
    },
    "marge": {
      "options": {
        "id": "default",
        "reportDir": "cypress/reports/mocha",
        "quite": true,
        "overwrite": false,
        "html": true,
        "json": true
      },
      "version": "5.2.0"
    }
  }
}