{
  "stats": {
    "suites": 1,
    "tests": 3,
    "passes": 3,
    "pending": 0,
    "failures": 0,
    "start": "2022-06-29T11:19:41.328Z",
    "end": "2022-06-29T11:23:28.307Z",
    "duration": 226979,
    "testsRegistered": 3,
    "passPercent": 100,
    "pendingPercent": 0,
    "other": 0,
    "hasOther": false,
    "skipped": 0,
    "hasSkipped": false
  },
  "results": [
    {
      "uuid": "9fb3fa95-7a3b-472b-8767-f1d23a21c44d",
      "title": "",
      "fullFile": "cypress/integration/task.spec.js",
      "file": "cypress/integration/task.spec.js",
      "beforeHooks": [],
      "afterHooks": [],
      "tests": [],
      "suites": [
        {
          "uuid": "500c5dab-83eb-4c41-8716-2ef375b24092",
          "title": "quiz",
          "fullFile": "",
          "file": "",
          "beforeHooks": [],
          "afterHooks": [],
          "tests": [
            {
              "title": " case1",
              "fullTitle": "quiz  case1",
              "timedOut": null,
              "duration": 17885,
              "state": "passed",
              "speed": "slow",
              "pass": true,
              "fail": false,
              "pending": false,
              "context": null,
              "code": "cy.visit(\"http://automationpractice.com/index.php\");\ncy.wait(5000);\ncy.get('[title=\"View my shopping cart\"]').should('be.visible');\ncy.get('.ajax_cart_no_product').should('be.visible');\ncy.get('b').should('be.visible');",
              "err": {},
              "uuid": "6ba2657a-e506-48e3-bf47-05d5e3eeebe2",
              "parentUUID": "500c5dab-83eb-4c41-8716-2ef375b24092",
              "isHook": false,
              "skipped": false
            },
            {
              "title": " case2",
              "fullTitle": "quiz  case2",
              "timedOut": null,
              "duration": 145952,
              "state": "passed",
              "speed": "slow",
              "pass": true,
              "fail": false,
              "pending": false,
              "context": null,
              "code": "cy.visit('https://www.techlistic.com/p/selenium-assignments.html');\ncy.wait(5000);\ncy.viewport(1124, 900);\ncy.wait(5000);\n/* ==== Generated with Cypress Studio ==== */\n/* ==== End Cypress Studio ==== */\n/* ==== Generated with Cypress Studio ==== */\n/* ==== End Cypress Studio ==== */\n/* ==== Generated with Cypress Studio ==== */\ncy.get('.overflowable-container > :nth-child(1) > .container > .tabs > :nth-child(2) > .dropdown > .dropbtn > .fa').click();\ncy.wait(5000);\ncy.get('.overflowable-container > .overflowable-contents > .container > .tabs > .overflowable-item:nth-child(2) > .dropdown > .dropbtn > .fa').realHover();\ncy.get('.overflowable-container > .overflowable-contents > .container > .tabs > .overflowable-item:nth-child(2) > .dropdown > .dropdown-content > a:nth-child(1)').invoke('text').then(text => {\n  cy.log(text);\n  cy.wait(5000);\n});\n/* ==== End Cypress Studio ==== */",
              "err": {},
              "uuid": "ed2f085e-020d-49de-b8a3-6de98e79a3bc",
              "parentUUID": "500c5dab-83eb-4c41-8716-2ef375b24092",
              "isHook": false,
              "skipped": false
            },
            {
              "title": " case3",
              "fullTitle": "quiz  case3",
              "timedOut": null,
              "duration": 41792,
              "state": "passed",
              "speed": "slow",
              "pass": true,
              "fail": false,
              "pending": false,
              "context": null,
              "code": "cy.visit('https://ourworldindata.org/explorers/coronavirus-data-explorer');\ncy.wait(8000);\n/* ==== Generated with Cypress Studio ==== */\ncy.get('[data-test=\"accept\"]').click();\ncy.get('[style=\"position: relative; clear: both;\"] > svg').should('be.visible');\ncy.get(':nth-child(13) > polyline').realHover().then(text => {\n  cy.log(text);\n  cy.wait(5000);\n});\ncy.get(':nth-child(13) > path').realHover();\ncy.wait(6000);\ncy.get(':nth-child(14) > path').realHover();\ncy.wait(6000);\ncy.get(':nth-child(12) > path').realHover();\ncy.wait(6000);\ncy.get(':nth-child(9) > path').realHover();\ncy.wait(6000);\ncy.get(':nth-child(11) > path').realHover().each(($el, index) => {\n  realHover();\n});\n/* ==== End Cypress Studio ==== */",
              "err": {},
              "uuid": "ae05a9c6-cb68-41db-860b-99c94b333de9",
              "parentUUID": "500c5dab-83eb-4c41-8716-2ef375b24092",
              "isHook": false,
              "skipped": false
            }
          ],
          "suites": [],
          "passes": [
            "6ba2657a-e506-48e3-bf47-05d5e3eeebe2",
            "ed2f085e-020d-49de-b8a3-6de98e79a3bc",
            "ae05a9c6-cb68-41db-860b-99c94b333de9"
          ],
          "failures": [],
          "pending": [],
          "skipped": [],
          "duration": 205629,
          "root": false,
          "rootEmpty": false,
          "_timeout": 2000
        }
      ],
      "passes": [],
      "failures": [],
      "pending": [],
      "skipped": [],
      "duration": 0,
      "root": true,
      "rootEmpty": true,
      "_timeout": 2000
    }
  ],
  "meta": {
    "mocha": {
      "version": "7.0.1"
    },
    "mochawesome": {
      "options": {
        "quiet": false,
        "reportFilename": "mochawesome",
        "saveHtml": true,
        "saveJson": true,
        "consoleReporter": "spec",
        "useInlineDiffs": false,
        "code": true
      },
      "version": "6.3.1"
    },
    "marge": {
      "options": {
        "id": "default",
        "reportDir": "cypress/reports/mocha",
        "quite": true,
        "overwrite": false,
        "html": true,
        "json": true
      },
      "version": "5.2.0"
    }
  }
}